



---------
    Config file "[33m./scully.news.config.ts[39m" not found, only rendering routes without parameters
    The config file should have a name that is formated as:
       scully.[33m<projectName>[39m.config.ts
    where [33m<projectName>[39m is the name of the project as defined in the 'angular.json' file
    When you are in a mixed mono-repo you might need to use the --pjFirst flag.
---------


The option outDir isn't configured, using default folder "[33m./dist/static/[39m".
No routes defined in ""



---------
    Config file "[33m./scully.news.config.ts[39m" not found, only rendering routes without parameters
    The config file should have a name that is formated as:
       scully.[33m<projectName>[39m.config.ts
    where [33m<projectName>[39m is the name of the project as defined in the 'angular.json' file
    When you are in a mixed mono-repo you might need to use the --pjFirst flag.
---------
The option outDir isn't configured, using default folder "[33m./dist/static/[39m".

No routes defined in ""




---------
    Config file "[33m./scully.news.config.ts[39m" not found, only rendering routes without parameters
    The config file should have a name that is formated as:
       scully.[33m<projectName>[39m.config.ts
    where [33m<projectName>[39m is the name of the project as defined in the 'angular.json' file
    When you are in a mixed mono-repo you might need to use the --pjFirst flag.
---------

No routes defined in ""The option outDir isn't configured, using default folder "[33m./dist/static/[39m".





---------
    Config file "[33m./scully.news.config.ts[39m" not found, only rendering routes without parameters
    The config file should have a name that is formated as:
       scully.[33m<projectName>[39m.config.ts
    where [33m<projectName>[39m is the name of the project as defined in the 'angular.json' file
    When you are in a mixed mono-repo you might need to use the --pjFirst flag.
---------

The option outDir isn't configured, using default folder "[33m./dist/static/[39m".No routes defined in ""

****************************************************************************************
This is a development tool for Scully applications.
You can ignore the warning (TLS) or run scully with --no-warning
****************************************************************************************




---------
    Config file "[33m./scully.news.config.ts[39m" not found, only rendering routes without parameters
    The config file should have a name that is formated as:
       scully.[33m<projectName>[39m.config.ts
    where [33m<projectName>[39m is the name of the project as defined in the 'angular.json' file
    When you are in a mixed mono-repo you might need to use the --pjFirst flag.
---------

The option outDir isn't configured, using default folder "[33m./dist/static/[39m".No routes defined in ""

